I, [2013-01-30T13:59:47.264680 #12770]  INFO -- : Refreshing Gem list
/usr/local/lib/ruby/gems/1.9.1/gems/bundler-1.2.3/lib/bundler/runtime.rb:31:in `block in setup': You have already activated rack 1.5.1, but your Gemfile requires rack 1.4.4. Using bundle exec may solve this. (Gem::LoadError)
	from /usr/local/lib/ruby/gems/1.9.1/gems/bundler-1.2.3/lib/bundler/runtime.rb:17:in `setup'
	from /usr/local/lib/ruby/gems/1.9.1/gems/bundler-1.2.3/lib/bundler.rb:116:in `setup'
	from /usr/local/lib/ruby/gems/1.9.1/gems/bundler-1.2.3/lib/bundler/setup.rb:17:in `<top (required)>'
	from /usr/local/lib/ruby/1.9.1/rubygems/custom_require.rb:60:in `require'
	from /usr/local/lib/ruby/1.9.1/rubygems/custom_require.rb:60:in `rescue in require'
	from /usr/local/lib/ruby/1.9.1/rubygems/custom_require.rb:35:in `require'
	from /var/www/testapp/config/boot.rb:6:in `<top (required)>'
	from /usr/local/lib/ruby/1.9.1/rubygems/custom_require.rb:36:in `require'
	from /usr/local/lib/ruby/1.9.1/rubygems/custom_require.rb:36:in `require'
	from /var/www/testapp/config/application.rb:1:in `<top (required)>'
	from /usr/local/lib/ruby/1.9.1/rubygems/custom_require.rb:36:in `require'
	from /usr/local/lib/ruby/1.9.1/rubygems/custom_require.rb:36:in `require'
	from /var/www/testapp/config/environment.rb:2:in `<top (required)>'
	from /usr/local/lib/ruby/1.9.1/rubygems/custom_require.rb:36:in `require'
	from /usr/local/lib/ruby/1.9.1/rubygems/custom_require.rb:36:in `require'
	from config.ru:4:in `block in <main>'
	from /usr/local/lib/ruby/gems/1.9.1/gems/rack-1.5.1/lib/rack/builder.rb:55:in `instance_eval'
	from /usr/local/lib/ruby/gems/1.9.1/gems/rack-1.5.1/lib/rack/builder.rb:55:in `initialize'
	from config.ru:1:in `new'
	from config.ru:1:in `<main>'
	from /usr/local/lib/ruby/gems/1.9.1/gems/unicorn-4.5.0/lib/unicorn.rb:44:in `eval'
	from /usr/local/lib/ruby/gems/1.9.1/gems/unicorn-4.5.0/lib/unicorn.rb:44:in `block in builder'
	from /usr/local/lib/ruby/gems/1.9.1/gems/unicorn-4.5.0/bin/unicorn_rails:139:in `call'
	from /usr/local/lib/ruby/gems/1.9.1/gems/unicorn-4.5.0/bin/unicorn_rails:139:in `block in rails_builder'
	from /usr/local/lib/ruby/gems/1.9.1/gems/unicorn-4.5.0/lib/unicorn/http_server.rb:718:in `call'
	from /usr/local/lib/ruby/gems/1.9.1/gems/unicorn-4.5.0/lib/unicorn/http_server.rb:718:in `build_app!'
	from /usr/local/lib/ruby/gems/1.9.1/gems/unicorn-4.5.0/lib/unicorn/http_server.rb:140:in `start'
	from /usr/local/lib/ruby/gems/1.9.1/gems/unicorn-4.5.0/bin/unicorn_rails:209:in `<top (required)>'
	from /usr/local/bin/unicorn_rails:23:in `load'
	from /usr/local/bin/unicorn_rails:23:in `<main>'
I, [2013-01-30T14:07:34.246285 #13450]  INFO -- : Refreshing Gem list
I, [2013-01-30T14:07:35.075634 #13450]  INFO -- : listening on addr=/tmp/.sock fd=9
I, [2013-01-30T14:07:35.075903 #13450]  INFO -- : listening on addr=0.0.0.0:8080 fd=10
I, [2013-01-30T14:07:35.283604 #13450]  INFO -- : master process ready
I, [2013-01-30T14:07:35.285942 #13453]  INFO -- : worker=0 ready
I, [2013-01-30T14:07:35.286866 #13456]  INFO -- : worker=1 ready
I, [2013-01-30T14:07:35.287562 #13459]  INFO -- : worker=2 ready
I, [2013-01-30T14:07:35.290346 #13462]  INFO -- : worker=3 ready
